# JRE version: OpenJDK Runtime Environment (8.0_222-b10) (build 1.8.0_222-b10)
# Java VM: OpenJDK 64-Bit Server VM (25.222-b10 mixed mode bsd-amd64 compressed oops)
Heap:
 PSYoungGen      total 576000K, used 527639K [0x000000078ab00000, 0x00000007c0000000, 0x00000007c0000000)
  eden space 315392K, 97% used [0x000000078ab00000,0x000000079d8884f8,0x000000079df00000)
  from space 260608K, 83% used [0x00000007b0180000,0x00000007bd73da30,0x00000007c0000000)
  to   space 279040K, 0% used [0x000000079df00000,0x000000079df00000,0x00000007aef80000)
 ParOldGen       total 807424K, used 728194K [0x0000000720000000, 0x0000000751480000, 0x000000078ab00000)
  object space 807424K, 90% used [0x0000000720000000,0x000000074c720980,0x0000000751480000)
 Metaspace       used 156497K, capacity 167045K, committed 167208K, reserved 1193984K
  class space    used 19808K, capacity 22049K, committed 22064K, reserved 1048576K
GC Heap History (10 events):
Event: 3181.371 GC heap before
{Heap before GC invocations=69 (full 7):
 PSYoungGen      total 574976K, used 495609K [0x000000078ab00000, 0x00000007bea80000, 0x00000007c0000000)
  eden space 331264K, 100% used [0x000000078ab00000,0x000000079ee80000,0x000000079ee80000)
  from space 243712K, 67% used [0x000000079ee80000,0x00000007a8efe4b8,0x00000007adc80000)
  to   space 249344K, 0% used [0x00000007af700000,0x00000007af700000,0x00000007bea80000)
 ParOldGen       total 807424K, used 692443K [0x0000000720000000, 0x0000000751480000, 0x000000078ab00000)
  object space 807424K, 85% used [0x0000000720000000,0x000000074a436f50,0x0000000751480000)
 Metaspace       used 156255K, capacity 166811K, committed 166952K, reserved 1193984K
  class space    used 19803K, capacity 22042K, committed 22064K, reserved 1048576K
Event: 3181.502 GC heap after
Heap after GC invocations=69 (full 7):
 PSYoungGen      total 603136K, used 149637K [0x000000078ab00000, 0x00000007beb80000, 0x00000007c0000000)
  eden space 353792K, 0% used [0x000000078ab00000,0x000000078ab00000,0x00000007a0480000)
  from space 249344K, 60% used [0x00000007af700000,0x00000007b8921720,0x00000007bea80000)
  to   space 248320K, 0% used [0x00000007a0480000,0x00000007a0480000,0x00000007af700000)
 ParOldGen       total 807424K, used 692451K [0x0000000720000000, 0x0000000751480000, 0x000000078ab00000)
  object space 807424K, 85% used [0x0000000720000000,0x000000074a438f50,0x0000000751480000)
 Metaspace       used 156255K, capacity 166811K, committed 166952K, reserved 1193984K
  class space    used 19803K, capacity 22042K, committed 22064K, reserved 1048576K
}
Event: 3182.613 GC heap before
{Heap before GC invocations=70 (full 7):
 PSYoungGen      total 603136K, used 502957K [0x000000078ab00000, 0x00000007beb80000, 0x00000007c0000000)
  eden space 353792K, 99% used [0x000000078ab00000,0x00000007a040a010,0x00000007a0480000)
  from space 249344K, 60% used [0x00000007af700000,0x00000007b8921720,0x00000007bea80000)
  to   space 248320K, 0% used [0x00000007a0480000,0x00000007a0480000,0x00000007af700000)
 ParOldGen       total 807424K, used 692451K [0x0000000720000000, 0x0000000751480000, 0x000000078ab00000)
  object space 807424K, 85% used [0x0000000720000000,0x000000074a438f50,0x0000000751480000)
 Metaspace       used 156343K, capacity 166891K, committed 166952K, reserved 1193984K
  class space    used 19807K, capacity 22048K, committed 22064K, reserved 1048576K
Event: 3182.768 GC heap after
Heap after GC invocations=70 (full 7):
 PSYoungGen      total 602112K, used 163398K [0x000000078ab00000, 0x00000007c0000000, 0x00000007c0000000)
  eden space 353792K, 0% used [0x000000078ab00000,0x000000078ab00000,0x00000007a0480000)
  from space 248320K, 65% used [0x00000007a0480000,0x00000007aa411870,0x00000007af700000)
  to   space 250880K, 0% used [0x00000007b0b00000,0x00000007b0b00000,0x00000007c0000000)
 ParOldGen       total 807424K, used 692459K [0x0000000720000000, 0x0000000751480000, 0x000000078ab00000)
  object space 807424K, 85% used [0x0000000720000000,0x000000074a43af50,0x0000000751480000)
 Metaspace       used 156343K, capacity 166891K, committed 166952K, reserved 1193984K
  class space    used 19807K, capacity 22048K, committed 22064K, reserved 1048576K
}
Event: 3184.577 GC heap before
{Heap before GC invocations=71 (full 7):
 PSYoungGen      total 602112K, used 517190K [0x000000078ab00000, 0x00000007c0000000, 0x00000007c0000000)
  eden space 353792K, 100% used [0x000000078ab00000,0x00000007a0480000,0x00000007a0480000)
  from space 248320K, 65% used [0x00000007a0480000,0x00000007aa411870,0x00000007af700000)
  to   space 250880K, 0% used [0x00000007b0b00000,0x00000007b0b00000,0x00000007c0000000)
 ParOldGen       total 807424K, used 692459K [0x0000000720000000, 0x0000000751480000, 0x000000078ab00000)
  object space 807424K, 85% used [0x0000000720000000,0x000000074a43af50,0x0000000751480000)
 Metaspace       used 156354K, capacity 166901K, committed 166952K, reserved 1193984K
  class space    used 19808K, capacity 22049K, committed 22064K, reserved 1048576K
Event: 3184.717 GC heap after
Heap after GC invocations=71 (full 7):
 PSYoungGen      total 620544K, used 161254K [0x000000078ab00000, 0x00000007c0000000, 0x00000007c0000000)
  eden space 369664K, 0% used [0x000000078ab00000,0x000000078ab00000,0x00000007a1400000)
  from space 250880K, 64% used [0x00000007b0b00000,0x00000007ba879b58,0x00000007c0000000)
  to   space 251904K, 0% used [0x00000007a1400000,0x00000007a1400000,0x00000007b0a00000)
 ParOldGen       total 807424K, used 699089K [0x0000000720000000, 0x0000000751480000, 0x000000078ab00000)
  object space 807424K, 86% used [0x0000000720000000,0x000000074aab4408,0x0000000751480000)
 Metaspace       used 156354K, capacity 166901K, committed 166952K, reserved 1193984K
  class space    used 19808K, capacity 22049K, committed 22064K, reserved 1048576K
}
Event: 3187.891 GC heap before
{Heap before GC invocations=72 (full 7):
 PSYoungGen      total 620544K, used 530918K [0x000000078ab00000, 0x00000007c0000000, 0x00000007c0000000)
  eden space 369664K, 100% used [0x000000078ab00000,0x00000007a1400000,0x00000007a1400000)
  from space 250880K, 64% used [0x00000007b0b00000,0x00000007ba879b58,0x00000007c0000000)
  to   space 251904K, 0% used [0x00000007a1400000,0x00000007a1400000,0x00000007b0a00000)
 ParOldGen       total 807424K, used 699124K [0x0000000720000000, 0x0000000751480000, 0x000000078ab00000)
  object space 807424K, 86% used [0x0000000720000000,0x000000074aabd008,0x0000000751480000)
 Metaspace       used 156427K, capacity 166905K, committed 166952K, reserved 1193984K
  class space    used 19808K, capacity 22049K, committed 22064K, reserved 1048576K
Event: 3188.040 GC heap after
Heap after GC invocations=72 (full 7):
 PSYoungGen      total 555520K, used 185762K [0x000000078ab00000, 0x00000007c0000000, 0x00000007c0000000)
  eden space 369664K, 0% used [0x000000078ab00000,0x000000078ab00000,0x00000007a1400000)
  from space 185856K, 99% used [0x00000007a1400000,0x00000007ac968a58,0x00000007ac980000)
  to   space 260608K, 0% used [0x00000007b0180000,0x00000007b0180000,0x00000007c0000000)
 ParOldGen       total 807424K, used 717318K [0x0000000720000000, 0x0000000751480000, 0x000000078ab00000)
  object space 807424K, 88% used [0x0000000720000000,0x000000074bc81930,0x0000000751480000)
 Metaspace       used 156427K, capacity 166905K, committed 166952K, reserved 1193984K
  class space    used 19808K, capacity 22049K, committed 22064K, reserved 1048576K
}
Event: 3189.629 GC heap before
{Heap before GC invocations=73 (full 7):
 PSYoungGen      total 555520K, used 555426K [0x000000078ab00000, 0x00000007c0000000, 0x00000007c0000000)
  eden space 369664K, 100% used [0x000000078ab00000,0x00000007a1400000,0x00000007a1400000)
  from space 185856K, 99% used [0x00000007a1400000,0x00000007ac968a58,0x00000007ac980000)
  to   space 260608K, 0% used [0x00000007b0180000,0x00000007b0180000,0x00000007c0000000)
 ParOldGen       total 807424K, used 717346K [0x0000000720000000, 0x0000000751480000, 0x000000078ab00000)
  object space 807424K, 88% used [0x0000000720000000,0x000000074bc88980,0x0000000751480000)
 Metaspace       used 156439K, capacity 166917K, committed 166952K, reserved 1193984K
  class space    used 19808K, capacity 22049K, committed 22064K, reserved 1048576K
Event: 3189.838 GC heap after
Heap after GC invocations=73 (full 7):
 PSYoungGen      total 576000K, used 218870K [0x000000078ab00000, 0x00000007c0000000, 0x00000007c0000000)
  eden space 315392K, 0% used [0x000000078ab00000,0x000000078ab00000,0x000000079df00000)
  from space 260608K, 83% used [0x00000007b0180000,0x00000007bd73da30,0x00000007c0000000)
  to   space 279040K, 0% used [0x000000079df00000,0x000000079df00000,0x00000007aef80000)
 ParOldGen       total 807424K, used 728194K [0x0000000720000000, 0x0000000751480000, 0x000000078ab00000)
  object space 807424K, 90% used [0x0000000720000000,0x000000074c720980,0x0000000751480000)
 Metaspace       used 156439K, capacity 166917K, committed 166952K, reserved 1193984K
  class space    used 19808K, capacity 22049K, committed 22064K, reserved 1048576K
}

